#-----------------------------------------------------------
# Vivado v2019.2 (64-bit)
# SW Build 2708876 on Wed Nov  6 21:40:23 MST 2019
# IP Build 2700528 on Thu Nov  7 00:09:20 MST 2019
# Start of session at: Tue Dec 12 10:40:54 2023
# Process ID: 1360
# Current directory: C:/Users/ai770741/Documents/fibonacci_cp/project_1
# Command line: vivado.exe -gui_launcher_event rodinguilauncherevent2464 C:\Users\ai770741\Documents\fibonacci_cp\project_1\project_1.xpr
# Log file: C:/Users/ai770741/Documents/fibonacci_cp/project_1/vivado.log
# Journal file: C:/Users/ai770741/Documents/fibonacci_cp/project_1\vivado.jou
#-----------------------------------------------------------
start_gui
open_project C:/Users/ai770741/Documents/fibonacci_cp/project_1/project_1.xpr
Scanning sources...
Finished scanning sources
INFO: [IP_Flow 19-234] Refreshing IP repositories
INFO: [IP_Flow 19-1700] Loaded user IP repository 'c:/Users/ai770741/Documents/fibonacci_cp/solution1'.
INFO: [IP_Flow 19-2313] Loaded Vivado IP repository 'C:/Xilinx/Vivado/2019.2/data/ip'.
open_project: Time (s): cpu = 00:00:17 ; elapsed = 00:00:07 . Memory (MB): peak = 801.473 ; gain = 140.789
update_compile_order -fileset sources_1
exit
INFO: [Common 17-206] Exiting Vivado at Tue Dec 12 11:41:10 2023...
