TRACE::2023-11-21.10:26:45::SCWBifWriter::Found the complete platform C:/Users/ai770741/workspace/design_1_wrapper_1/export/design_1_wrapper_1/design_1_wrapper_1.xpfm
TRACE::2023-11-21.10:26:45::SCWBifWriter::hardware databse : design_1_wrapper_1
TRACE::2023-11-21.10:26:45::SCWBifWriter::bitstream found in the design
TRACE::2023-11-21.10:26:45::SCWBifWriter::Found a baremetal domain, proc: ps7_cortexa9_0
TRACE::2023-11-21.10:26:45::SCWBifWriter::proc type : 
TRACE::2023-11-21.10:26:45::SCWBifWriter::proc[0] : ps7_cortexa9_0
TRACE::2023-11-21.10:26:45::SCWBifWriter::Device type is : zynq
TRACE::2023-11-21.10:26:45::SCWBifWriter::Writing BIF to file : C:/Users/ai770741/workspace/fibonacci_vitis_system/Debug/system.bif
TRACE::2023-11-21.10:26:45::SCWBifWriter::Writing the Zynq Baremetal bif 
TRACE::2023-11-21.10:34:05::SCWBifWriter::Found the complete platform C:/Users/ai770741/workspace/design_1_wrapper_1/export/design_1_wrapper_1/design_1_wrapper_1.xpfm
TRACE::2023-11-21.10:34:05::SCWBifWriter::hardware databse : design_1_wrapper_1
TRACE::2023-11-21.10:34:05::SCWBifWriter::bitstream found in the design
TRACE::2023-11-21.10:34:05::SCWBifWriter::Found a baremetal domain, proc: ps7_cortexa9_0
TRACE::2023-11-21.10:34:05::SCWBifWriter::proc type : 
TRACE::2023-11-21.10:34:05::SCWBifWriter::proc[0] : ps7_cortexa9_0
TRACE::2023-11-21.10:34:05::SCWBifWriter::Device type is : zynq
TRACE::2023-11-21.10:34:05::SCWBifWriter::Writing BIF to file : C:/Users/ai770741/workspace/fibonacci_vitis_system/Debug/system.bif
TRACE::2023-11-21.10:34:05::SCWBifWriter::Writing the Zynq Baremetal bif 
TRACE::2023-11-21.10:37:10::SCWBifWriter::Found the complete platform C:/Users/ai770741/workspace/design_1_wrapper_1/export/design_1_wrapper_1/design_1_wrapper_1.xpfm
TRACE::2023-11-21.10:37:10::SCWBifWriter::hardware databse : design_1_wrapper_1
TRACE::2023-11-21.10:37:10::SCWBifWriter::bitstream found in the design
TRACE::2023-11-21.10:37:10::SCWBifWriter::Found a baremetal domain, proc: ps7_cortexa9_0
TRACE::2023-11-21.10:37:10::SCWBifWriter::proc type : 
TRACE::2023-11-21.10:37:10::SCWBifWriter::proc[0] : ps7_cortexa9_0
TRACE::2023-11-21.10:37:10::SCWBifWriter::Device type is : zynq
TRACE::2023-11-21.10:37:10::SCWBifWriter::Writing BIF to file : C:/Users/ai770741/workspace/fibonacci_vitis_system/Debug/system.bif
TRACE::2023-11-21.10:37:10::SCWBifWriter::Writing the Zynq Baremetal bif 
TRACE::2023-11-21.10:37:46::SCWBifWriter::Found the complete platform C:/Users/ai770741/workspace/design_1_wrapper_1/export/design_1_wrapper_1/design_1_wrapper_1.xpfm
TRACE::2023-11-21.10:37:46::SCWBifWriter::hardware databse : design_1_wrapper_1
TRACE::2023-11-21.10:37:46::SCWBifWriter::bitstream found in the design
TRACE::2023-11-21.10:37:46::SCWBifWriter::Found a baremetal domain, proc: ps7_cortexa9_0
TRACE::2023-11-21.10:37:46::SCWBifWriter::proc type : 
TRACE::2023-11-21.10:37:46::SCWBifWriter::proc[0] : ps7_cortexa9_0
TRACE::2023-11-21.10:37:46::SCWBifWriter::Device type is : zynq
TRACE::2023-11-21.10:37:46::SCWBifWriter::Writing BIF to file : C:/Users/ai770741/workspace/fibonacci_vitis_system/Debug/system.bif
TRACE::2023-11-21.10:37:46::SCWBifWriter::Writing the Zynq Baremetal bif 
TRACE::2023-11-21.10:51:10::SCWBifWriter::Found the complete platform C:/Users/ai770741/workspace/design_1_wrapper_1/export/design_1_wrapper_1/design_1_wrapper_1.xpfm
TRACE::2023-11-21.10:51:10::SCWBifWriter::hardware databse : design_1_wrapper_1
TRACE::2023-11-21.10:51:10::SCWBifWriter::bitstream found in the design
TRACE::2023-11-21.10:51:10::SCWBifWriter::Found a baremetal domain, proc: ps7_cortexa9_0
TRACE::2023-11-21.10:51:10::SCWBifWriter::proc type : 
TRACE::2023-11-21.10:51:10::SCWBifWriter::proc[0] : ps7_cortexa9_0
TRACE::2023-11-21.10:51:10::SCWBifWriter::Device type is : zynq
TRACE::2023-11-21.10:51:10::SCWBifWriter::Writing BIF to file : C:/Users/ai770741/workspace/fibonacci_vitis_system/Debug/system.bif
TRACE::2023-11-21.10:51:10::SCWBifWriter::Writing the Zynq Baremetal bif 
TRACE::2023-11-21.10:53:36::SCWBifWriter::Found the complete platform C:/Users/ai770741/workspace/design_1_wrapper_1/export/design_1_wrapper_1/design_1_wrapper_1.xpfm
TRACE::2023-11-21.10:53:36::SCWBifWriter::hardware databse : design_1_wrapper_1
TRACE::2023-11-21.10:53:36::SCWBifWriter::bitstream found in the design
TRACE::2023-11-21.10:53:36::SCWBifWriter::Found a baremetal domain, proc: ps7_cortexa9_0
TRACE::2023-11-21.10:53:36::SCWBifWriter::proc type : 
TRACE::2023-11-21.10:53:36::SCWBifWriter::proc[0] : ps7_cortexa9_0
TRACE::2023-11-21.10:53:36::SCWBifWriter::Device type is : zynq
TRACE::2023-11-21.10:53:36::SCWBifWriter::Writing BIF to file : C:/Users/ai770741/workspace/fibonacci_vitis_system/Debug/system.bif
TRACE::2023-11-21.10:53:36::SCWBifWriter::Writing the Zynq Baremetal bif 
TRACE::2023-11-21.10:55:29::SCWBifWriter::Found the complete platform C:/Users/ai770741/workspace/design_1_wrapper_1/export/design_1_wrapper_1/design_1_wrapper_1.xpfm
TRACE::2023-11-21.10:55:29::SCWBifWriter::hardware databse : design_1_wrapper_1
TRACE::2023-11-21.10:55:29::SCWBifWriter::bitstream found in the design
TRACE::2023-11-21.10:55:29::SCWBifWriter::Found a baremetal domain, proc: ps7_cortexa9_0
TRACE::2023-11-21.10:55:29::SCWBifWriter::proc type : 
TRACE::2023-11-21.10:55:29::SCWBifWriter::proc[0] : ps7_cortexa9_0
TRACE::2023-11-21.10:55:29::SCWBifWriter::Device type is : zynq
TRACE::2023-11-21.10:55:29::SCWBifWriter::Writing BIF to file : C:/Users/ai770741/workspace/fibonacci_vitis_system/Debug/system.bif
TRACE::2023-11-21.10:55:29::SCWBifWriter::Writing the Zynq Baremetal bif 
TRACE::2023-11-21.10:56:59::SCWBifWriter::Found the complete platform C:/Users/ai770741/workspace/design_1_wrapper_1/export/design_1_wrapper_1/design_1_wrapper_1.xpfm
TRACE::2023-11-21.10:56:59::SCWBifWriter::hardware databse : design_1_wrapper_1
TRACE::2023-11-21.10:56:59::SCWBifWriter::bitstream found in the design
TRACE::2023-11-21.10:56:59::SCWBifWriter::Found a baremetal domain, proc: ps7_cortexa9_0
TRACE::2023-11-21.10:56:59::SCWBifWriter::proc type : 
TRACE::2023-11-21.10:56:59::SCWBifWriter::proc[0] : ps7_cortexa9_0
TRACE::2023-11-21.10:56:59::SCWBifWriter::Device type is : zynq
TRACE::2023-11-21.10:56:59::SCWBifWriter::Writing BIF to file : C:/Users/ai770741/workspace/fibonacci_vitis_system/Debug/system.bif
TRACE::2023-11-21.10:56:59::SCWBifWriter::Writing the Zynq Baremetal bif 
TRACE::2023-11-21.10:57:17::SCWBifWriter::Found the complete platform C:/Users/ai770741/workspace/design_1_wrapper_1/export/design_1_wrapper_1/design_1_wrapper_1.xpfm
TRACE::2023-11-21.10:57:18::SCWBifWriter::hardware databse : design_1_wrapper_1
TRACE::2023-11-21.10:57:18::SCWBifWriter::bitstream found in the design
TRACE::2023-11-21.10:57:18::SCWBifWriter::Found a baremetal domain, proc: ps7_cortexa9_0
TRACE::2023-11-21.10:57:18::SCWBifWriter::proc type : 
TRACE::2023-11-21.10:57:18::SCWBifWriter::proc[0] : ps7_cortexa9_0
TRACE::2023-11-21.10:57:18::SCWBifWriter::Device type is : zynq
TRACE::2023-11-21.10:57:18::SCWBifWriter::Writing BIF to file : C:/Users/ai770741/workspace/fibonacci_vitis_system/Debug/system.bif
TRACE::2023-11-21.10:57:18::SCWBifWriter::Writing the Zynq Baremetal bif 
TRACE::2023-11-21.11:04:32::SCWBifWriter::Found the complete platform C:/Users/ai770741/workspace/design_1_wrapper_1/export/design_1_wrapper_1/design_1_wrapper_1.xpfm
TRACE::2023-11-21.11:04:32::SCWBifWriter::hardware databse : design_1_wrapper_1
TRACE::2023-11-21.11:04:32::SCWBifWriter::bitstream found in the design
TRACE::2023-11-21.11:04:32::SCWBifWriter::Found a baremetal domain, proc: ps7_cortexa9_0
TRACE::2023-11-21.11:04:32::SCWBifWriter::proc type : 
TRACE::2023-11-21.11:04:32::SCWBifWriter::proc[0] : ps7_cortexa9_0
TRACE::2023-11-21.11:04:32::SCWBifWriter::Device type is : zynq
TRACE::2023-11-21.11:04:32::SCWBifWriter::Writing BIF to file : C:/Users/ai770741/workspace/fibonacci_vitis_system/Debug/system.bif
TRACE::2023-11-21.11:04:32::SCWBifWriter::Writing the Zynq Baremetal bif 
TRACE::2023-11-21.11:06:46::SCWBifWriter::Found the complete platform C:/Users/ai770741/workspace/design_1_wrapper_1/export/design_1_wrapper_1/design_1_wrapper_1.xpfm
TRACE::2023-11-21.11:06:46::SCWBifWriter::hardware databse : design_1_wrapper_1
TRACE::2023-11-21.11:06:46::SCWBifWriter::bitstream found in the design
TRACE::2023-11-21.11:06:46::SCWBifWriter::Found a baremetal domain, proc: ps7_cortexa9_0
TRACE::2023-11-21.11:06:46::SCWBifWriter::proc type : 
TRACE::2023-11-21.11:06:46::SCWBifWriter::proc[0] : ps7_cortexa9_0
TRACE::2023-11-21.11:06:46::SCWBifWriter::Device type is : zynq
TRACE::2023-11-21.11:06:46::SCWBifWriter::Writing BIF to file : C:/Users/ai770741/workspace/fibonacci_vitis_system/Debug/system.bif
TRACE::2023-11-21.11:06:46::SCWBifWriter::Writing the Zynq Baremetal bif 
